<?xml version="1.0" encoding="UTF-8"?>
<testng-results skipped="0" failed="0" ignored="0" total="2" passed="2">
  <reporter-output>
  </reporter-output>
  <suite name="Default suite" duration-ms="31373" started-at="2020-01-29T05:58:22Z" finished-at="2020-01-29T05:58:53Z">
    <groups>
    </groups>
    <test name="Default test" duration-ms="31373" started-at="2020-01-29T05:58:22Z" finished-at="2020-01-29T05:58:53Z">
      <class name="SamplePackage.FirstMavenClass">
        <test-method status="PASS" signature="test1()[pri:0, instance:SamplePackage.FirstMavenClass@4cc0edeb]" name="test1" duration-ms="34" started-at="2020-01-29T11:28:22Z" finished-at="2020-01-29T11:28:22Z">
          <reporter-output>
          </reporter-output>
        </test-method> <!-- test1 -->
        <test-method status="PASS" signature="test2()[pri:0, instance:SamplePackage.FirstMavenClass@4cc0edeb]" name="test2" duration-ms="31253" started-at="2020-01-29T11:28:22Z" finished-at="2020-01-29T11:28:53Z">
          <reporter-output>
          </reporter-output>
        </test-method> <!-- test2 -->
      </class> <!-- SamplePackage.FirstMavenClass -->
    </test> <!-- Default test -->
  </suite> <!-- Default suite -->
</testng-results>
