<?xml version="1.0" encoding="UTF-8"?>
<testng-results skipped="0" failed="1" ignored="0" total="2" passed="1">
  <reporter-output>
  </reporter-output>
  <suite name="Default suite" duration-ms="519" started-at="2020-01-28T16:25:09Z" finished-at="2020-01-28T16:25:10Z">
    <groups>
    </groups>
    <test name="Default test" duration-ms="519" started-at="2020-01-28T16:25:09Z" finished-at="2020-01-28T16:25:10Z">
      <class name="SamplePackage.FirstMavenClass">
        <test-method status="PASS" signature="test1()[pri:0, instance:SamplePackage.FirstMavenClass@4cc0edeb]" name="test1" duration-ms="46" started-at="2020-01-28T21:55:09Z" finished-at="2020-01-28T21:55:10Z">
          <reporter-output>
          </reporter-output>
        </test-method> <!-- test1 -->
        <test-method status="FAIL" signature="test2()[pri:0, instance:SamplePackage.FirstMavenClass@4cc0edeb]" name="test2" duration-ms="374" started-at="2020-01-28T21:55:10Z" finished-at="2020-01-28T21:55:10Z">
          <exception class="java.lang.IllegalStateException">
            <message>
              <![CDATA[The driver executable does not exist: D:\Anand\AzureDevops\MavenWithAzureDevOps\GitToAzure\TestingAzure\FirstMavenProjectD:\Anand\AzureDevops\MavenWithAzureDevOps\GitToAzure\TestingAzure\FirstMavenProject\BrowserDrivers\chromedriver.exe]]>
            </message>
            <full-stacktrace>
              <![CDATA[java.lang.IllegalStateException: The driver executable does not exist: D:\Anand\AzureDevops\MavenWithAzureDevOps\GitToAzure\TestingAzure\FirstMavenProjectD:\Anand\AzureDevops\MavenWithAzureDevOps\GitToAzure\TestingAzure\FirstMavenProject\BrowserDrivers\chromedriver.exeat com.google.common.base.Preconditions.checkState(Preconditions.java:585)at org.openqa.selenium.remote.service.DriverService.checkExecutable(DriverService.java:146)at org.openqa.selenium.remote.service.DriverService.findExecutable(DriverService.java:141)at org.openqa.selenium.chrome.ChromeDriverService.access$000(ChromeDriverService.java:35)at org.openqa.selenium.chrome.ChromeDriverService$Builder.findDefaultExecutable(ChromeDriverService.java:159)at org.openqa.selenium.remote.service.DriverService$Builder.build(DriverService.java:355)at org.openqa.selenium.chrome.ChromeDriverService.createDefaultService(ChromeDriverService.java:94)at org.openqa.selenium.chrome.ChromeDriver.<init>(ChromeDriver.java:123)at SamplePackage.FirstMavenClass.test2(FirstMavenClass.java:21)at sun.reflect.NativeMethodAccessorImpl.invoke0(Native Method)at sun.reflect.NativeMethodAccessorImpl.invoke(NativeMethodAccessorImpl.java:62)at sun.reflect.DelegatingMethodAccessorImpl.invoke(DelegatingMethodAccessorImpl.java:43)at java.lang.reflect.Method.invoke(Method.java:498)at org.testng.internal.MethodInvocationHelper.invokeMethod(MethodInvocationHelper.java:124)at org.testng.internal.Invoker.invokeMethod(Invoker.java:571)at org.testng.internal.Invoker.invokeTestMethod(Invoker.java:707)at org.testng.internal.Invoker.invokeTestMethods(Invoker.java:979)at org.testng.internal.TestMethodWorker.invokeTestMethods(TestMethodWorker.java:125)at org.testng.internal.TestMethodWorker.run(TestMethodWorker.java:109)at org.testng.TestRunner.privateRun(TestRunner.java:648)at org.testng.TestRunner.run(TestRunner.java:505)at org.testng.SuiteRunner.runTest(SuiteRunner.java:455)at org.testng.SuiteRunner.runSequentially(SuiteRunner.java:450)at org.testng.SuiteRunner.privateRun(SuiteRunner.java:415)at org.testng.SuiteRunner.run(SuiteRunner.java:364)at org.testng.SuiteRunnerWorker.runSuite(SuiteRunnerWorker.java:52)at org.testng.SuiteRunnerWorker.run(SuiteRunnerWorker.java:84)at org.testng.TestNG.runSuitesSequentially(TestNG.java:1187)at org.testng.TestNG.runSuitesLocally(TestNG.java:1116)at org.testng.TestNG.runSuites(TestNG.java:1028)at org.testng.TestNG.run(TestNG.java:996)at org.testng.remote.AbstractRemoteTestNG.run(AbstractRemoteTestNG.java:114)at org.testng.remote.RemoteTestNG.initAndRun(RemoteTestNG.java:251)at org.testng.remote.RemoteTestNG.main(RemoteTestNG.java:77)]]>
            </full-stacktrace>
          </exception> <!-- java.lang.IllegalStateException -->
          <reporter-output>
          </reporter-output>
        </test-method> <!-- test2 -->
      </class> <!-- SamplePackage.FirstMavenClass -->
    </test> <!-- Default test -->
  </suite> <!-- Default suite -->
</testng-results>
